
/home/runner/work/exp-tensile-test-experiment-iiith/exp-tensile-test-experiment-iiith/experiment/simulation/js/comparison.js
  53:9   warning  'Plotly' is not defined          no-undef
  53:24  warning  'chartContainer' is not defined  no-undef

/home/runner/work/exp-tensile-test-experiment-iiith/exp-tensile-test-experiment-iiith/experiment/simulation/js/corten.js
  173:35  warning  'data' is not defined            no-undef
  174:38  warning  'data' is not defined            no-undef
  175:36  warning  'data' is not defined            no-undef
  176:36  warning  'data' is not defined            no-undef
  216:9   warning  'Plotly' is not defined          no-undef
  216:24  warning  'chartContainer' is not defined  no-undef
  233:13  warning  'Plotly' is not defined          no-undef
  233:27  warning  'chartContainer' is not defined  no-undef

/home/runner/work/exp-tensile-test-experiment-iiith/exp-tensile-test-experiment-iiith/experiment/simulation/js/main.js
  174:35  warning  'data' is not defined            no-undef
  175:38  warning  'data' is not defined            no-undef
  176:36  warning  'data' is not defined            no-undef
  177:36  warning  'data' is not defined            no-undef
  217:9   warning  'Plotly' is not defined          no-undef
  217:24  warning  'chartContainer' is not defined  no-undef
  234:13  warning  'Plotly' is not defined          no-undef
  234:27  warning  'chartContainer' is not defined  no-undef

/home/runner/work/exp-tensile-test-experiment-iiith/exp-tensile-test-experiment-iiith/experiment/simulation/js/mild.js
  173:35  warning  'data' is not defined            no-undef
  174:38  warning  'data' is not defined            no-undef
  175:36  warning  'data' is not defined            no-undef
  176:36  warning  'data' is not defined            no-undef
  215:9   warning  'Plotly' is not defined          no-undef
  215:24  warning  'chartContainer' is not defined  no-undef
  233:13  warning  'Plotly' is not defined          no-undef
  233:27  warning  'chartContainer' is not defined  no-undef

✖ 26 problems (0 errors, 26 warnings)

